============================= test session starts ==============================
platform linux -- Python 3.12.3, pytest-9.0.2, pluggy-1.6.0
rootdir: /home/vu/toolsauto
plugins: anyio-4.12.1
collected 1 item

tests/test_workflow_registry_cache.py DEBUG _load_all data: {}
F

=================================== FAILURES ===================================
__ TestWorkflowRegistryCacheShape.test_selector_cache_grouping_includes_name ___

self = <test_workflow_registry_cache.TestWorkflowRegistryCacheShape object at 0x78f5e217aba0>
mock_session = <MagicMock name='SessionLocal' id='132997443172112'>

    @patch("app.database.core.SessionLocal")
    def test_selector_cache_grouping_includes_name(self, mock_session):
        # Giả lập kết quả trả về của DB khi _load_all() quét bảng platform_selectors
        # Cấu trúc row trả về: id, platform, category, selector_name, selector_type, selector_value, locale, priority, notes
        mock_db = MagicMock()
        mock_session.return_value = mock_db
    
        mock_db.execute.return_value.fetchall.side_effect = [
            # Lần query 1: Selectors
            [
                (1, "facebook", "post", "post_button", "css", ".fb-post-btn", "en", 10, ""),
                (2, "facebook", "post", "caption_field", "css", ".fb-input", "en", 9, "")
            ],
            # Lần query 2: CTA templates (không quan trọng cho test này)
            []
        ]
    
        # Ép chạy lại _load_all() để hứng data
        from app.services.workflow_registry import _load_all
        data = _load_all()
        print("DEBUG _load_all data:", data)
    
        # Rút trích dict được cache
        selectors = data.get("selectors", {})
    
        # KỲ VỌNG: 2 selector khác name nhưng chung category phải bị đẩy vào 2 key RIÊNG BIỆT
        # (Nghĩa là key phải có dạng {platform}:{category}:{selector_name})
>       assert "facebook:post:post_button" in selectors, "Bug cũ tái hiện! Thiếu selector_name trong cache key!"
E       AssertionError: Bug cũ tái hiện! Thiếu selector_name trong cache key!
E       assert 'facebook:post:post_button' in {}

tests/test_workflow_registry_cache.py:34: AssertionError
------------------------------ Captured log call -------------------------------
ERROR    app.services.workflow_registry:workflow_registry.py:138 [WorkflowRegistry] Load failed: Expecting value: line 1 column 1 (char 0)
=========================== short test summary info ============================
FAILED tests/test_workflow_registry_cache.py::TestWorkflowRegistryCacheShape::test_selector_cache_grouping_includes_name
============================== 1 failed in 0.28s ===============================
